Using pre-set license
Built from '2020.3/staging' branch; Version is '2020.3.17f1 (a4537701e4ab) revision 10769271'; Using compiler version '192528614'; Build Type 'Release'
OS: 'Windows 10 Pro; OS build 19044.1766; Version 2009; 64bit' Language: 'tr' Physical Memory: 16122 MB
BatchMode: 1, IsHumanControllingUs: 0, StartBugReporterOnCrash: 0, Is64bit: 1, IsPro: 0

COMMAND LINE ARGUMENTS:
C:\Program Files\Unity\Hub\Editor\2020.3.17f1\Editor\Unity.exe
-adb2
-batchMode
-noUpm
-name
AssetImportWorker0
-projectPath
C:/Users/onurh/OneDrive/Masaüstü/LEVEL_UP/yeni
-logFile
Logs/AssetImportWorker0.log
-srvPort
65282
Successfully changed project path to: C:/Users/onurh/OneDrive/Masaüstü/LEVEL_UP/yeni
C:/Users/onurh/OneDrive/Masaüstü/LEVEL_UP/yeni
Using Asset Import Pipeline V2.
Refreshing native plugins compatible for Editor in 19.96 ms, found 2 plugins.
Preloading 0 native plugins for Editor in 0.00 ms.
Initialize engine version: 2020.3.17f1 (a4537701e4ab)
[Subsystems] Discovering subsystems at path C:/Program Files/Unity/Hub/Editor/2020.3.17f1/Editor/Data/Resources/UnitySubsystems
[Subsystems] Discovering subsystems at path C:/Users/onurh/OneDrive/Masaüstü/LEVEL_UP/yeni/Assets
GfxDevice: creating device client; threaded=0
Direct3D:
    Version:  Direct3D 11.0 [level 11.1]
    Renderer: NVIDIA GeForce RTX 3060 Laptop GPU (ID=0x2520)
    Vendor:   
    VRAM:     6023 MB
    Driver:   30.0.15.1169
Initialize mono
Mono path[0] = 'C:/Program Files/Unity/Hub/Editor/2020.3.17f1/Editor/Data/Managed'
Mono path[1] = 'C:/Program Files/Unity/Hub/Editor/2020.3.17f1/Editor/Data/MonoBleedingEdge/lib/mono/unityjit'
Mono config path = 'C:/Program Files/Unity/Hub/Editor/2020.3.17f1/Editor/Data/MonoBleedingEdge/etc'
Using monoOptions --debugger-agent=transport=dt_socket,embedding=1,server=y,suspend=n,address=127.0.0.1:56928
Begin MonoManager ReloadAssembly
Registering precompiled unity dll's ...
Register platform support module: C:/Program Files/Unity/Hub/Editor/2020.3.17f1/Editor/Data/PlaybackEngines/WindowsStandaloneSupport/UnityEditor.WindowsStandalone.Extensions.dll
Registered in 0.001182 seconds.
Native extension for WindowsStandalone target not found
Refreshing native plugins compatible for Editor in 19.77 ms, found 2 plugins.
Preloading 0 native plugins for Editor in 0.00 ms.
Mono: successfully reloaded assembly
- Completed reload, in  1.433 seconds
Domain Reload Profiling:
	ReloadAssembly (1433ms)
		BeginReloadAssembly (36ms)
			ExecutionOrderSort (0ms)
			DisableScriptedObjects (0ms)
			BackupInstance (0ms)
			ReleaseScriptingObjects (0ms)
			CreateAndSetChildDomain (1ms)
		EndReloadAssembly (262ms)
			LoadAssemblies (35ms)
			RebuildTransferFunctionScriptingTraits (0ms)
			SetupTypeCache (94ms)
			ReleaseScriptCaches (0ms)
			RebuildScriptCaches (19ms)
			SetupLoadedEditorAssemblies (102ms)
				LogAssemblyErrors (0ms)
				InitializePlatformSupportModulesInManaged (3ms)
				SetLoadedEditorAssemblies (0ms)
				RefreshPlugins (20ms)
				BeforeProcessingInitializeOnLoad (12ms)
				ProcessInitializeOnLoadAttributes (50ms)
				ProcessInitializeOnLoadMethodAttributes (18ms)
				AfterProcessingInitializeOnLoad (0ms)
				EditorAssembliesLoaded (0ms)
			ExecutionOrderSort2 (0ms)
			AwakeInstancesAfterBackupRestoration (0ms)
Platform modules already initialized, skipping
Registering precompiled user dll's ...
Registered in 0.002116 seconds.
Begin MonoManager ReloadAssembly
Native extension for WindowsStandalone target not found
Refreshing native plugins compatible for Editor in 0.34 ms, found 2 plugins.
Preloading 0 native plugins for Editor in 0.00 ms.
Mono: successfully reloaded assembly
- Completed reload, in  0.815 seconds
Domain Reload Profiling:
	ReloadAssembly (815ms)
		BeginReloadAssembly (89ms)
			ExecutionOrderSort (0ms)
			DisableScriptedObjects (3ms)
			BackupInstance (0ms)
			ReleaseScriptingObjects (0ms)
			CreateAndSetChildDomain (13ms)
		EndReloadAssembly (688ms)
			LoadAssemblies (52ms)
			RebuildTransferFunctionScriptingTraits (0ms)
			SetupTypeCache (174ms)
			ReleaseScriptCaches (0ms)
			RebuildScriptCaches (28ms)
			SetupLoadedEditorAssemblies (373ms)
				LogAssemblyErrors (0ms)
				InitializePlatformSupportModulesInManaged (3ms)
				SetLoadedEditorAssemblies (0ms)
				RefreshPlugins (0ms)
				BeforeProcessingInitializeOnLoad (53ms)
				ProcessInitializeOnLoadAttributes (308ms)
				ProcessInitializeOnLoadMethodAttributes (3ms)
				AfterProcessingInitializeOnLoad (5ms)
				EditorAssembliesLoaded (0ms)
			ExecutionOrderSort2 (0ms)
			AwakeInstancesAfterBackupRestoration (4ms)
Platform modules already initialized, skipping
========================================================================
Worker process is ready to serve import requests
Launched and connected shader compiler UnityShaderCompiler.exe after 0.04 seconds
Refreshing native plugins compatible for Editor in 0.26 ms, found 2 plugins.
Preloading 0 native plugins for Editor in 0.00 ms.
Unloading 1397 Unused Serialized files (Serialized files now loaded: 0)
System memory in use before: 64.9 MB.
System memory in use after: 65.0 MB.

Unloading 18 unused Assets to reduce memory usage. Loaded Objects now: 1830.
Total: 2.460700 ms (FindLiveObjects: 0.099800 ms CreateObjectMapping: 0.023400 ms MarkObjects: 2.284900 ms  DeleteObjects: 0.052000 ms)

AssetImportParameters requested are different than current active one (requested -> active):
  custom:framework-win-MediaFoundation: 216162199b28c13a410421893ffa2e32 -> 
  custom:video-decoder-ogg-theora: a1e56fd34408186e4bbccfd4996cb3dc -> 
  custom:container-muxer-webm: aa71ff27fc2769a1b78a27578f13a17b -> 
  custom:container-demuxer-webm: 4f35f7cbe854078d1ac9338744f61a02 -> 
  custom:container-demuxer-ogg: 62fdf1f143b41e24485cea50d1cbac27 -> 
  custom:video-encoder-webm-vp8: eb34c28f22e8b96e1ab97ce403110664 -> 
  custom:video-decoder-webm-vp8: 9c59270c3fd7afecdb556c50c9e8de78 -> 
  custom:audio-decoder-ogg-vorbis: bf7c407c2cedff20999df2af8eb42d56 -> 
  custom:audio-encoder-webm-vorbis: bf7c407c2cedff20999df2af8eb42d56 -> 
========================================================================
Received Import Request.
  path: Assets
  artifactKey: Guid(00000000000000001000000000000000) Importer(815301076,1909f56bfc062723c751e8b465ee728b)
Start importing Assets using Guid(00000000000000001000000000000000) Importer(815301076,1909f56bfc062723c751e8b465ee728b)  -> (artifact id: '42d402b061de3733987d63b9cc3b64de') in 0.008146 seconds 
  Import took 0.009909 seconds .

========================================================================
Received Import Request.
  Time since last request: 1.349495 seconds.
  path: Assets/Art
  artifactKey: Guid(18e27815e6b36cf42921e51c4ef7855b) Importer(815301076,1909f56bfc062723c751e8b465ee728b)
Start importing Assets/Art using Guid(18e27815e6b36cf42921e51c4ef7855b) Importer(815301076,1909f56bfc062723c751e8b465ee728b)  -> (artifact id: '71c3336ff18369cdde74ce19a5397785') in 0.006820 seconds 
  Import took 0.008788 seconds .

========================================================================
Received Import Request.
  Time since last request: 20.338017 seconds.
  path: Assets/Art/Animations
  artifactKey: Guid(36606f5320cee6745860529f7b7e388a) Importer(815301076,1909f56bfc062723c751e8b465ee728b)
Start importing Assets/Art/Animations using Guid(36606f5320cee6745860529f7b7e388a) Importer(815301076,1909f56bfc062723c751e8b465ee728b)  -> (artifact id: 'dfded100076af35c4a08483145f2003a') in 0.006922 seconds 
  Import took 0.009074 seconds .

========================================================================
Received Import Request.
  Time since last request: 5.478854 seconds.
  path: Assets/Art/Animators
  artifactKey: Guid(a2de7fa7b023f864897adaa70f9207cc) Importer(815301076,1909f56bfc062723c751e8b465ee728b)
Start importing Assets/Art/Animators using Guid(a2de7fa7b023f864897adaa70f9207cc) Importer(815301076,1909f56bfc062723c751e8b465ee728b)  -> (artifact id: 'efc28fad574490b7609489323eceb2d1') in 0.006198 seconds 
  Import took 0.008201 seconds .

========================================================================
Received Import Request.
  Time since last request: 5.448804 seconds.
  path: Assets/Art/Sprites
  artifactKey: Guid(109e295ad4673134a981d6e0ad74816c) Importer(815301076,1909f56bfc062723c751e8b465ee728b)
Start importing Assets/Art/Sprites using Guid(109e295ad4673134a981d6e0ad74816c) Importer(815301076,1909f56bfc062723c751e8b465ee728b)  -> (artifact id: '809ab3d211135cb174dcaa1b311ec940') in 0.006008 seconds 
  Import took 0.007991 seconds .

========================================================================
Received Import Request.
  Time since last request: 13.166068 seconds.
  path: Assets/Art/Scenes
  artifactKey: Guid(5355a1679205b3a49bd51ecbd584b77b) Importer(815301076,1909f56bfc062723c751e8b465ee728b)
Start importing Assets/Art/Scenes using Guid(5355a1679205b3a49bd51ecbd584b77b) Importer(815301076,1909f56bfc062723c751e8b465ee728b)  -> (artifact id: '98cb44b80fef56e2ec45743b518e73de') in 0.005959 seconds 
  Import took 0.007885 seconds .

========================================================================
Received Import Request.
  Time since last request: 18.161437 seconds.
  path: Assets/Art/VFX
  artifactKey: Guid(fa3e1ab045bb5bd409eca38367476f04) Importer(815301076,1909f56bfc062723c751e8b465ee728b)
Start importing Assets/Art/VFX using Guid(fa3e1ab045bb5bd409eca38367476f04) Importer(815301076,1909f56bfc062723c751e8b465ee728b)  -> (artifact id: '431f5823418d55e5a6fe5bc3989d8cab') in 0.006026 seconds 
  Import took 0.008237 seconds .

========================================================================
Received Import Request.
  Time since last request: 4.602223 seconds.
  path: Assets/Art/SFX
  artifactKey: Guid(0dc2d39e3c01dfa408c1d2209db29781) Importer(815301076,1909f56bfc062723c751e8b465ee728b)
Start importing Assets/Art/SFX using Guid(0dc2d39e3c01dfa408c1d2209db29781) Importer(815301076,1909f56bfc062723c751e8b465ee728b)  -> (artifact id: 'a10207f3aac33d22490568fcffa9d65b') in 0.006349 seconds 
  Import took 0.008393 seconds .

